<?xml version="1.0" encoding="UTF-8"?>
<testng-results skipped="0" failed="0" ignored="0" total="1" passed="1">
  <reporter-output>
  </reporter-output>
  <suite name="Suite" duration-ms="21591" started-at="2020-03-28T12:27:42Z" finished-at="2020-03-28T12:28:03Z">
    <groups>
    </groups>
    <test name="Test" duration-ms="21591" started-at="2020-03-28T12:27:42Z" finished-at="2020-03-28T12:28:03Z">
      <class name="TestCases.TestClass">
        <test-method status="PASS" signature="test()[pri:0, instance:TestCases.TestClass@3159c4b8]" name="test" duration-ms="21552" started-at="2020-03-28T12:27:42Z" finished-at="2020-03-28T12:28:03Z">
          <reporter-output>
          </reporter-output>
        </test-method> <!-- test -->
      </class> <!-- TestCases.TestClass -->
    </test> <!-- Test -->
  </suite> <!-- Suite -->
</testng-results>
